<?xml version="1.0" encoding="UTF-8"?>
<!-- Generated by org.testng.reporters.JUnitReportReporter -->
<testsuite hostname="DESKTOP-JDIE6OT" failures="0" tests="1" name="PS1" time="0.019" errors="0" timestamp="2025-07-28T09:44:09 EET" skipped="0">
  <testcase classname="PS1" name="testRun" time="0.019"/>
</testsuite> <!-- PS1 -->
